2024-11-25 10:33:27,266 - INFO - === Starting Google Chrome Profile Manager ===
2024-11-25 10:33:27,267 - DEBUG - Checking if Chrome is installed at /Applications/Google Chrome.app
2024-11-25 10:33:27,267 - INFO - Google Chrome is installed.
2024-11-25 10:33:27,267 - DEBUG - Retrieving Chrome version from /Applications/Google Chrome.app/Contents/MacOS/Google Chrome
2024-11-25 10:33:27,368 - INFO - Installed Chrome version: 131.0.6778.86
2024-11-25 10:33:27,368 - INFO - Chrome version matches the target version: 131.0.6778.86
2024-11-25 10:33:27,368 - DEBUG - Retrieving profile directory for profile name: Autumn Ady
2024-11-25 10:33:27,369 - DEBUG - Found profile - Name: Jim, Path: None
2024-11-25 10:33:27,369 - DEBUG - Found profile - Name: Autumn Ady, Path: None
2024-11-25 10:33:27,369 - INFO - Profile 'Autumn Ady' found with directory 'None'.
2024-11-25 10:45:12,957 - INFO - === Starting Google Chrome Profile Manager ===
2024-11-25 10:45:12,957 - DEBUG - Checking if Chrome is installed at /Applications/Google Chrome.app
2024-11-25 10:45:12,957 - INFO - Google Chrome is installed.
2024-11-25 10:45:12,957 - DEBUG - Retrieving Chrome version from /Applications/Google Chrome.app/Contents/MacOS/Google Chrome
2024-11-25 10:45:12,994 - INFO - Installed Chrome version: 131.0.6778.86
2024-11-25 10:45:12,994 - INFO - Chrome version matches the target version: 131.0.6778.86
2024-11-25 10:45:12,994 - INFO - Attempting to close any running instances of Google Chrome.
2024-11-25 10:45:13,010 - INFO - Successfully terminated all Google Chrome processes.
2024-11-25 10:45:15,016 - DEBUG - Launching Chrome with profile directory: Profile 1
2024-11-25 10:45:15,020 - INFO - Chrome launched with profile 'Profile 1'.
2024-11-25 10:45:15,021 - INFO - === Google Chrome Profile Manager completed successfully ===
2024-11-25 10:47:26,125 - INFO - === Starting Google Chrome Profile Manager ===
2024-11-25 10:47:26,126 - DEBUG - Checking if Chrome is installed at /Applications/Google Chrome.app
2024-11-25 10:47:26,126 - INFO - Google Chrome is installed.
2024-11-25 10:47:26,126 - DEBUG - Retrieving Chrome version from /Applications/Google Chrome.app/Contents/MacOS/Google Chrome
2024-11-25 10:47:26,154 - INFO - Installed Chrome version: 131.0.6778.86
2024-11-25 10:47:26,154 - INFO - Chrome version matches the target version: 131.0.6778.86
2024-11-25 10:47:26,154 - INFO - Attempting to close any running instances of Google Chrome.
2024-11-25 10:47:26,167 - WARNING - No running Google Chrome processes were found to terminate.
2024-11-25 10:47:26,167 - DEBUG - Launching Chrome with profile directory: Profile 1
2024-11-25 10:47:26,168 - INFO - Chrome launched with profile 'Profile 1'.
2024-11-25 10:47:26,168 - INFO - === Google Chrome Profile Manager completed successfully ===
